2026-01-15 20:52:09,580 INFO o.a.j.u.JMeterUtils: Setting Locale to en_EN
2026-01-15 20:52:09,603 INFO o.a.j.JMeter: Loading user properties from: /opt/apache-jmeter-5.6.3/bin/user.properties
2026-01-15 20:52:09,604 INFO o.a.j.JMeter: Loading system properties from: /opt/apache-jmeter-5.6.3/bin/system.properties
2026-01-15 20:52:09,612 INFO o.a.j.JMeter: Copyright (c) 1998-2024 The Apache Software Foundation
2026-01-15 20:52:09,612 INFO o.a.j.JMeter: Version 5.6.3
2026-01-15 20:52:09,612 INFO o.a.j.JMeter: java.version=17.0.17
2026-01-15 20:52:09,612 INFO o.a.j.JMeter: java.vm.name=OpenJDK 64-Bit Server VM
2026-01-15 20:52:09,613 INFO o.a.j.JMeter: os.name=Linux
2026-01-15 20:52:09,613 INFO o.a.j.JMeter: os.arch=amd64
2026-01-15 20:52:09,613 INFO o.a.j.JMeter: os.version=6.8.0-90-generic
2026-01-15 20:52:09,613 INFO o.a.j.JMeter: file.encoding=UTF-8
2026-01-15 20:52:09,613 INFO o.a.j.JMeter: java.awt.headless=true
2026-01-15 20:52:09,613 INFO o.a.j.JMeter: Max memory     =1073741824
2026-01-15 20:52:09,613 INFO o.a.j.JMeter: Available Processors =12
2026-01-15 20:52:09,623 INFO o.a.j.JMeter: Default Locale=English (EN)
2026-01-15 20:52:09,624 INFO o.a.j.JMeter: JMeter  Locale=English (EN)
2026-01-15 20:52:09,624 INFO o.a.j.JMeter: JMeterHome=/opt/apache-jmeter-5.6.3
2026-01-15 20:52:09,624 INFO o.a.j.JMeter: user.dir  =/home/magd13l/Documentos/PRY/helloworld
2026-01-15 20:52:09,624 INFO o.a.j.JMeter: PWD       =/home/magd13l/Documentos/PRY/helloworld
2026-01-15 20:52:09,633 INFO o.a.j.JMeter: IP: 192.168.100.4 Name: magd13l FullName: magd13l
2026-01-15 20:52:09,644 INFO o.a.j.s.FileServer: Default base='/home/magd13l/Documentos/PRY/helloworld'
2026-01-15 20:52:09,646 INFO o.a.j.s.FileServer: Set new base='/home/magd13l/Documentos/PRY/helloworld/test/jmeter'
2026-01-15 20:52:09,820 INFO o.a.j.s.SaveService: Testplan (JMX) version: 2.2. Testlog (JTL) version: 2.2
2026-01-15 20:52:09,841 INFO o.a.j.s.SaveService: Using SaveService properties version 5.0
2026-01-15 20:52:09,844 INFO o.a.j.s.SaveService: Using SaveService properties file encoding UTF-8
2026-01-15 20:52:09,847 INFO o.a.j.s.SaveService: Loading file: test/jmeter/flask.jmx
2026-01-15 20:52:09,891 INFO o.a.j.p.h.s.HTTPSamplerBase: Parser for text/html is org.apache.jmeter.protocol.http.parser.LagartoBasedHtmlParser
2026-01-15 20:52:09,891 INFO o.a.j.p.h.s.HTTPSamplerBase: Parser for application/xhtml+xml is org.apache.jmeter.protocol.http.parser.LagartoBasedHtmlParser
2026-01-15 20:52:09,891 INFO o.a.j.p.h.s.HTTPSamplerBase: Parser for application/xml is org.apache.jmeter.protocol.http.parser.LagartoBasedHtmlParser
2026-01-15 20:52:09,891 INFO o.a.j.p.h.s.HTTPSamplerBase: Parser for text/xml is org.apache.jmeter.protocol.http.parser.LagartoBasedHtmlParser
2026-01-15 20:52:09,891 INFO o.a.j.p.h.s.HTTPSamplerBase: Parser for text/vnd.wap.wml is org.apache.jmeter.protocol.http.parser.RegexpHTMLParser
2026-01-15 20:52:09,891 INFO o.a.j.p.h.s.HTTPSamplerBase: Parser for text/css is org.apache.jmeter.protocol.http.parser.CssParser
2026-01-15 20:52:09,912 INFO o.a.j.JMeter: Creating summariser <summary>
2026-01-15 20:52:09,924 INFO o.a.j.e.StandardJMeterEngine: Running the test!
2026-01-15 20:52:09,926 INFO o.a.j.s.SampleEvent: List of sample_variables: []
2026-01-15 20:52:09,926 INFO o.a.j.s.SampleEvent: List of sample_variables: []
2026-01-15 20:52:09,930 INFO o.a.j.e.u.CompoundVariable: Note: Function class names must contain the string: '.functions.'
2026-01-15 20:52:09,931 INFO o.a.j.e.u.CompoundVariable: Note: Function class names must not contain the string: '.gui.'
2026-01-15 20:52:09,998 INFO o.a.j.JMeter: Running test (1768528329998)
2026-01-15 20:52:10,013 INFO o.a.j.e.StandardJMeterEngine: Starting ThreadGroup: 1 : Thread Group
2026-01-15 20:52:10,013 INFO o.a.j.e.StandardJMeterEngine: Starting 5 threads for group Thread Group.
2026-01-15 20:52:10,013 INFO o.a.j.e.StandardJMeterEngine: Thread will continue on error
2026-01-15 20:52:10,014 INFO o.a.j.t.ThreadGroup: Starting thread group... number=1 threads=5 ramp-up=1 delayedStart=false
2026-01-15 20:52:10,019 INFO o.a.j.t.JMeterThread: Thread started: Thread Group 1-1
2026-01-15 20:52:10,020 INFO o.a.j.t.ThreadGroup: Started thread group number 1
2026-01-15 20:52:10,020 INFO o.a.j.e.StandardJMeterEngine: All thread groups have been started
2026-01-15 20:52:10,031 INFO o.a.j.p.h.s.HTTPHCAbstractImpl: Local host = magd13l
2026-01-15 20:52:10,036 INFO o.a.j.p.h.s.HTTPHC4Impl: HTTP request retry count = 0
2026-01-15 20:52:10,037 INFO o.a.j.s.SampleResult: Note: Sample TimeStamps are START times
2026-01-15 20:52:10,037 INFO o.a.j.s.SampleResult: sampleresult.default.encoding is set to UTF-8
2026-01-15 20:52:10,037 INFO o.a.j.s.SampleResult: sampleresult.useNanoTime=true
2026-01-15 20:52:10,037 INFO o.a.j.s.SampleResult: sampleresult.nanoThreadSleep=5000
2026-01-15 20:52:10,216 INFO o.a.j.t.JMeterThread: Thread started: Thread Group 1-2
2026-01-15 20:52:10,323 INFO o.a.j.t.JMeterThread: Thread is done: Thread Group 1-1
2026-01-15 20:52:10,323 INFO o.a.j.t.JMeterThread: Thread finished: Thread Group 1-1
2026-01-15 20:52:10,407 INFO o.a.j.t.JMeterThread: Thread is done: Thread Group 1-2
2026-01-15 20:52:10,407 INFO o.a.j.t.JMeterThread: Thread finished: Thread Group 1-2
2026-01-15 20:52:10,417 INFO o.a.j.t.JMeterThread: Thread started: Thread Group 1-3
2026-01-15 20:52:10,593 INFO o.a.j.t.JMeterThread: Thread is done: Thread Group 1-3
2026-01-15 20:52:10,593 INFO o.a.j.t.JMeterThread: Thread finished: Thread Group 1-3
2026-01-15 20:52:10,616 INFO o.a.j.t.JMeterThread: Thread started: Thread Group 1-4
2026-01-15 20:52:10,779 INFO o.a.j.t.JMeterThread: Thread is done: Thread Group 1-4
2026-01-15 20:52:10,779 INFO o.a.j.t.JMeterThread: Thread finished: Thread Group 1-4
2026-01-15 20:52:10,815 INFO o.a.j.t.JMeterThread: Thread started: Thread Group 1-5
2026-01-15 20:52:10,985 INFO o.a.j.t.JMeterThread: Thread is done: Thread Group 1-5
2026-01-15 20:52:10,985 INFO o.a.j.t.JMeterThread: Thread finished: Thread Group 1-5
2026-01-15 20:52:10,986 INFO o.a.j.e.StandardJMeterEngine: Notifying test listeners of end of test
2026-01-15 20:52:10,987 INFO o.a.j.r.Summariser: summary =    400 in 00:00:01 =  404.9/s Avg:     1 Min:     1 Max:    24 Err:   200 (50.00%)
